THIS FILE CONTAINS THE METADATA ABOUT SYSTEM AND RUNTIME


-------System Info-------
Operating System Name: Darwin
Nodename: Eriks-MacBook-Pro-4.local
Release: 21.2.0
Version: Darwin Kernel Version 21.2.0: Sun Nov 28 20:28:54 PST 2021; root:xnu-8019.61.5~1/RELEASE_X86_64

-------Python and Package Versions------- 
Python Version: 3.7.0
SigProfilerMatrixGenerator Version: 1.2.4
SigProfilerPlotting version: 1.2.1
matplotlib version: 3.4.3
statsmodels version: 0.13.1
scipy version: 1.7.3
pandas version: 1.1.5
numpy version: 1.19.5

-------Vital Parameters Used for the execution -------
Project: class2N
Genome: GRCh37
Input File Path: /Users/ebergstr/Desktop/lab/manuscripts/SigProfilerHotSpots_tool/figures/BRCA_example/output/vcf_files_corrected/BRCA_clustered/subclasses/class2N/
exome: False
bed_file: None
chrom_based: False
plot: False
tsb_stat: False
seqInfo: True

-------Date and Time Data------- 
Date and Clock time when the execution started: 2022-03-28 14:36:53.556197


-------Runtime Checkpoints------- 
